Removed Pin From Net: NetName=AGND Pin=C1-2
Removed Pin From Net: NetName=AVDD Pin=C2-1
Removed Pin From Net: NetName=AGND Pin=C2-2
Removed Pin From Net: NetName=AGND Pin=C3-2
Removed Pin From Net: NetName=AGND Pin=R3-2
Removed Pin From Net: NetName=AGND Pin=R6-1
Removed Pin From Net: NetName=AGND Pin=U1-3
Removed Pin From Net: NetName=AGND Pin=U1-5
Removed Pin From Net: NetName=AVDD Pin=U1-6
Removed Pin From Net: NetName=AGND Pin=U2-2
Added Pin To Net: NetName=DGND Pin=C1-2
Added Pin To Net: NetName=DVDD Pin=C2-1
Added Pin To Net: NetName=DGND Pin=C3-2
Added Pin To Net: NetName=DGND Pin=R3-2
Added Pin To Net: NetName=DGND Pin=U1-5
Added Pin To Net: NetName=DVDD Pin=U1-6
Added Pin To Net: NetName=DGND Pin=U2-2
Added Pin To Net: NetName=NetC2_2 Pin=C2-2
Added Pin To Net: NetName=NetC2_2 Pin=R6-1
Added Pin To Net: NetName=NetC2_2 Pin=U1-3
Added Net: Name=NetC2_2
