Change Component Footprint: Designator=C1 Old Footprint=J1-0603 New Footprint=C0805
Change Component Footprint: Designator=C2 Old Footprint=J1-0603 New Footprint=C0805
Change Component Footprint: Designator=C3 Old Footprint=J1-0603 New Footprint=C0805
Change Component Designator: OldDesignator=C3 NewDesignator=C4
Change Component Designator: OldDesignator=J NewDesignator=J1
Change Component Designator: OldDesignator=R3 NewDesignator=R6
Change Component Designator: OldDesignator=R4 NewDesignator=R7
Change Component Designator: OldDesignator=R5 NewDesignator=R4
Change Component Designator: OldDesignator=R6 NewDesignator=R5
Change Component Designator: OldDesignator=R7 NewDesignator=R3
Added Component: Designator=C3(C0805)
Add component (AddParameter): Name = "LatestRevisionDate"; Value = "29-May-2009"; VariantName = "[No Variations]"
Add component (AddParameter): Name = "LatestRevisionNote"; Value = "IPC-7351 Footprint Added."; VariantName = "[No Variations]"
Add component (AddParameter): Name = "PackageDescription"; Value = "Chip Capacitor"; VariantName = "[No Variations]"
Add component (AddParameter): Name = "PackageReference"; Value = "C0805"; VariantName = "[No Variations]"
Add component (AddParameter): Name = "Published"; Value = "8-Jun-2000"; VariantName = "[No Variations]"
Add component (AddParameter): Name = "Publisher"; Value = "Altium Limited"; VariantName = "[No Variations]"
Add component (AddParameter): Name = "Value"; Value = "10u"; VariantName = "[No Variations]"
Added Pin To Net: NetName=PMUX Pin=C3-1
Added Pin To Net: NetName=DGND Pin=C3-2
Change Net Name : Old Net Name=NetR6_2 New Net Name=NetR5_2
Added Member To Class: ClassName=Alimentacion Member=Component C4 Cap Pol3
Added Member To Class: ClassName=Modulo Member=Component KTWM1 KTWM102
