Removed Pin From Net: NetName=DVDD Pin=C2-1
Removed Pin From Net: NetName=DGND Pin=C2-2
Removed Pin From Net: NetName=HV Pin=J1-1
Removed Pin From Net: NetName=D- Pin=J1-2
Removed Pin From Net: NetName=D+ Pin=J1-3
Removed Pin From Net: NetName=DGND Pin=J1-5
Removed Pin From Net: NetName=DGND Pin=J1-S1
Removed Pin From Net: NetName=DGND Pin=J1-S2
Removed Pin From Net: NetName=DGND Pin=J1-S3
Removed Pin From Net: NetName=DGND Pin=J1-S4
Removed Member From Class: ClassName=USB Member=J1
Change Component Footprint: Designator=C1 Old Footprint=J1-0603 New Footprint=1608[0603]
Change Component Footprint: Designator=C2 Old Footprint=J1-0603 New Footprint=1608[0603]
Change Component Comment : Designator=C1 Old Comment=Cap Pol3 New Comment=GRM188R60J106ME84D
Change Component Comment : Designator=C2 Old Comment=JMK107ABJ106KAHT New Comment=GRM188R60J106ME84D
Change component parameters: Designator = "C2" ("C2"); Footprint = "J1-0603"; UniqueID = "\PLJLVKZU\FRGSDGWJ" ("\PLJLVKZU\FRGSDGWJ")
Change component parameters (AddParameter): Name = "LatestRevisionDate"; Value = "29-May-2009"; VariantName = "[No Variations]"
Change component parameters (AddParameter): Name = "LatestRevisionNote"; Value = "IPC-7351 Footprint Added."; VariantName = "[No Variations]"
Change component parameters (AddParameter): Name = "PackageDescription"; Value = "Chip Capacitor"; VariantName = "[No Variations]"
Change component parameters (AddParameter): Name = "PackageReference"; Value = "C1206"; VariantName = "[No Variations]"
Change component parameters (AddParameter): Name = "Published"; Value = "8-Jun-2000"; VariantName = "[No Variations]"
Change component parameters (AddParameter): Name = "Publisher"; Value = "Altium Limited"; VariantName = "[No Variations]"
Change component parameters (AddParameter): Name = "Supplier 1"; Value = "Mouser"; VariantName = "[No Variations]"
Change component parameters (AddParameter): Name = "Supplier 2"; Value = "Digi-Key"; VariantName = "[No Variations]"
Change component parameters (AddParameter): Name = "Supplier Part Number 1"; Value = "81-GRM188R60J106ME4D"; VariantName = "[No Variations]"
Change component parameters (AddParameter): Name = "Supplier Part Number 2"; Value = "490-7316-6-ND"; VariantName = "[No Variations]"
Change component parameters (AddParameter): Name = "Value"; Value = "10u"; VariantName = "[No Variations]"
Change component parameters: Designator = "C1" ("C1"); Footprint = "J1-0603"; UniqueID = "\PLJLVKZU\TYNXLHXO" ("\PLJLVKZU\TYNXLHXO")
Change component parameters (AddParameter): Name = "LatestRevisionDate"; Value = "29-May-2009"; VariantName = "[No Variations]"
Change component parameters (AddParameter): Name = "LatestRevisionNote"; Value = "IPC-7351 Footprint Added."; VariantName = "[No Variations]"
Change component parameters (AddParameter): Name = "PackageDescription"; Value = "Chip Capacitor"; VariantName = "[No Variations]"
Change component parameters (AddParameter): Name = "PackageReference"; Value = "C1206"; VariantName = "[No Variations]"
Change component parameters (AddParameter): Name = "Published"; Value = "8-Jun-2000"; VariantName = "[No Variations]"
Change component parameters (AddParameter): Name = "Publisher"; Value = "Altium Limited"; VariantName = "[No Variations]"
Change component parameters (AddParameter): Name = "Supplier 1"; Value = "Mouser"; VariantName = "[No Variations]"
Change component parameters (AddParameter): Name = "Supplier 2"; Value = "Digi-Key"; VariantName = "[No Variations]"
Change component parameters (AddParameter): Name = "Supplier Part Number 1"; Value = "81-GRM188R60J106ME4D"; VariantName = "[No Variations]"
Change component parameters (AddParameter): Name = "Supplier Part Number 2"; Value = "490-7316-6-ND"; VariantName = "[No Variations]"
Change component parameters (AddParameter): Name = "Value"; Value = "10u"; VariantName = "[No Variations]"
Added Component: Designator=J(JAE_DX4R005HJ5R2000)
Add component (AddParameter): Name = "Availability"; Value = "Unavailable"; VariantName = "[No Variations]"
Add component (AddParameter): Name = "MF"; Value = "JAE Electronics"; VariantName = "[No Variations]"
Add component (AddParameter): Name = "MP"; Value = "DX4R005HJ5R2000"; VariantName = "[No Variations]"
Add component (AddParameter): Name = "Package"; Value = "None"; VariantName = "[No Variations]"
Add component (AddParameter): Name = "Price"; Value = "None"; VariantName = "[No Variations]"
Add component (AddParameter): Name = "SnapEDA_Link"; Value = "https://www.snapeda.com/parts/DX4R005HJ5R2000/JAE%20Electronics/view-part/554854/?ref=snap"; VariantName = "[No Variations]"
Add component (AddParameter): Name = "Value"; Value = ""; VariantName = "[No Variations]"
Added Pin To Net: NetName=DGND Pin=C2-1
Added Pin To Net: NetName=DVDD Pin=C2-2
Added Pin To Net: NetName=HV Pin=J-1
Added Pin To Net: NetName=D- Pin=J-2
Added Pin To Net: NetName=D+ Pin=J-3
Added Pin To Net: NetName=DGND Pin=J-5
Added Pin To Net: NetName=DGND Pin=J-SH1
Added Pin To Net: NetName=DGND Pin=J-SH2
Added Pin To Net: NetName=DGND Pin=J-SH3
Added Pin To Net: NetName=DGND Pin=J-SH4
Added Member To Class: ClassName=USB Member=Component J DX4R005HJ5R2000
